
  .   ____          _            __ _ _
 /\\ / ___'_ __ _ _(_)_ __  __ _ \ \ \ \
( ( )\___ | '_ | '_| | '_ \/ _` | \ \ \ \
 \\/  ___)| |_)| | | | | || (_| |  ) ) ) )
  '  |____| .__|_| |_|_| |_\__, | / / / /
 =========|_|==============|___/=/_/_/_/
 :: Spring Boot ::       (v1.5.10.RELEASE)

2019-11-17 18:30:11.585  INFO 79086 --- [           main] com.blog.SpringDemoApplication           : Starting SpringDemoApplication on Sai.local with PID 79086 (/Users/saikrishnagopu/Downloads/blog-posts/build/libs/blog-posts-0.0.1-SNAPSHOT.war started by saikrishnagopu in /Users/saikrishnagopu/Downloads/blog-posts/build/libs)
2019-11-17 18:30:11.593  INFO 79086 --- [           main] com.blog.SpringDemoApplication           : No active profile set, falling back to default profiles: default
2019-11-17 18:30:11.754  INFO 79086 --- [           main] ationConfigEmbeddedWebApplicationContext : Refreshing org.springframework.boot.context.embedded.AnnotationConfigEmbeddedWebApplicationContext@5cb0d902: startup date [Sun Nov 17 18:30:11 IST 2019]; root of context hierarchy
2019-11-17 18:30:15.359  INFO 79086 --- [           main] trationDelegate$BeanPostProcessorChecker : Bean 'org.springframework.transaction.annotation.ProxyTransactionManagementConfiguration' of type [org.springframework.transaction.annotation.ProxyTransactionManagementConfiguration$$EnhancerBySpringCGLIB$$5d33fd1d] is not eligible for getting processed by all BeanPostProcessors (for example: not eligible for auto-proxying)
2019-11-17 18:30:18.182  INFO 79086 --- [           main] s.b.c.e.t.TomcatEmbeddedServletContainer : Tomcat initialized with port(s): 8080 (http)
2019-11-17 18:30:18.397  INFO 79086 --- [           main] o.apache.catalina.core.StandardService   : Starting service [Tomcat]
2019-11-17 18:30:18.402  INFO 79086 --- [           main] org.apache.catalina.core.StandardEngine  : Starting Servlet Engine: Apache Tomcat/8.5.27
2019-11-17 18:30:23.819  INFO 79086 --- [ost-startStop-1] o.a.c.c.C.[Tomcat].[localhost].[/]       : Initializing Spring embedded WebApplicationContext
2019-11-17 18:30:23.829  INFO 79086 --- [ost-startStop-1] o.s.web.context.ContextLoader            : Root WebApplicationContext: initialization completed in 12083 ms
2019-11-17 18:30:24.682  INFO 79086 --- [ost-startStop-1] o.s.b.w.servlet.ServletRegistrationBean  : Mapping servlet: 'dispatcherServlet' to [/]
2019-11-17 18:30:24.701  INFO 79086 --- [ost-startStop-1] o.s.b.w.servlet.FilterRegistrationBean   : Mapping filter: 'characterEncodingFilter' to: [/*]
2019-11-17 18:30:24.702  INFO 79086 --- [ost-startStop-1] o.s.b.w.servlet.FilterRegistrationBean   : Mapping filter: 'hiddenHttpMethodFilter' to: [/*]
2019-11-17 18:30:24.703  INFO 79086 --- [ost-startStop-1] o.s.b.w.servlet.FilterRegistrationBean   : Mapping filter: 'httpPutFormContentFilter' to: [/*]
2019-11-17 18:30:24.703  INFO 79086 --- [ost-startStop-1] o.s.b.w.servlet.FilterRegistrationBean   : Mapping filter: 'requestContextFilter' to: [/*]
2019-11-17 18:30:28.072  INFO 79086 --- [           main] j.LocalContainerEntityManagerFactoryBean : Building JPA container EntityManagerFactory for persistence unit 'default'
2019-11-17 18:30:28.256  INFO 79086 --- [           main] o.hibernate.jpa.internal.util.LogHelper  : HHH000204: Processing PersistenceUnitInfo [
	name: default
	...]
2019-11-17 18:30:30.704  INFO 79086 --- [           main] org.hibernate.Version                    : HHH000412: Hibernate Core {5.0.12.Final}
2019-11-17 18:30:30.849  INFO 79086 --- [           main] org.hibernate.cfg.Environment            : HHH000206: hibernate.properties not found
2019-11-17 18:30:30.938  INFO 79086 --- [           main] org.hibernate.cfg.Environment            : HHH000021: Bytecode provider name : javassist
2019-11-17 18:30:31.409  INFO 79086 --- [           main] o.hibernate.annotations.common.Version   : HCANN000001: Hibernate Commons Annotations {5.0.1.Final}
2019-11-17 18:30:33.390  INFO 79086 --- [           main] org.hibernate.dialect.Dialect            : HHH000400: Using dialect: org.hibernate.dialect.PostgreSQLDialect
2019-11-17 18:30:33.879  INFO 79086 --- [           main] o.h.e.j.e.i.LobCreatorBuilderImpl        : HHH000424: Disabling contextual LOB creation as createClob() method threw error : java.lang.reflect.InvocationTargetException
2019-11-17 18:30:33.891  INFO 79086 --- [           main] org.hibernate.type.BasicTypeRegistry     : HHH000270: Type registration [java.util.UUID] overrides previous : org.hibernate.type.UUIDBinaryType@38af9828
2019-11-17 18:30:35.910  WARN 79086 --- [           main] org.hibernate.orm.deprecation            : HHH90000014: Found use of deprecated [org.hibernate.id.SequenceGenerator] sequence-based id generator; use org.hibernate.id.enhanced.SequenceStyleGenerator instead.  See Hibernate Domain Model Mapping Guide for details.
2019-11-17 18:30:39.273  INFO 79086 --- [           main] org.hibernate.tool.hbm2ddl.SchemaUpdate  : HHH000228: Running hbm2ddl schema update
2019-11-17 18:30:40.184  INFO 79086 --- [           main] j.LocalContainerEntityManagerFactoryBean : Initialized JPA EntityManagerFactory for persistence unit 'default'
2019-11-17 18:30:51.707  INFO 79086 --- [           main] s.w.s.m.m.a.RequestMappingHandlerAdapter : Looking for @ControllerAdvice: org.springframework.boot.context.embedded.AnnotationConfigEmbeddedWebApplicationContext@5cb0d902: startup date [Sun Nov 17 18:30:11 IST 2019]; root of context hierarchy
2019-11-17 18:30:53.329  INFO 79086 --- [           main] s.w.s.m.m.a.RequestMappingHandlerMapping : Mapped "{[/v1/blogs],methods=[GET],produces=[application/json]}" onto public org.springframework.http.ResponseEntity<com.blog.beans.ServiceResponse> com.blog.controllers.BlogPostController.getAllBlogs(org.springframework.http.HttpHeaders,java.lang.Integer) throws java.lang.Throwable
2019-11-17 18:30:53.337  INFO 79086 --- [           main] s.w.s.m.m.a.RequestMappingHandlerMapping : Mapped "{[/v1/blogs/{id}],methods=[GET],produces=[application/json]}" onto public org.springframework.http.ResponseEntity<com.blog.beans.ServiceResponse> com.blog.controllers.BlogPostController.getBlogById(java.lang.String,org.springframework.http.HttpHeaders) throws java.lang.Throwable
2019-11-17 18:30:53.340  INFO 79086 --- [           main] s.w.s.m.m.a.RequestMappingHandlerMapping : Mapped "{[/v1/blogs],methods=[POST],produces=[application/json]}" onto public org.springframework.http.ResponseEntity<com.blog.beans.ServiceResponse> com.blog.controllers.BlogPostController.createBlogPost(com.blog.beans.BlogPost,org.springframework.http.HttpHeaders) throws java.lang.Throwable
2019-11-17 18:30:53.347  INFO 79086 --- [           main] s.w.s.m.m.a.RequestMappingHandlerMapping : Mapped "{[/v1/blogs/{id}],methods=[PUT],produces=[application/json]}" onto public org.springframework.http.ResponseEntity<com.blog.beans.ServiceResponse> com.blog.controllers.BlogPostController.updateBlog(org.springframework.http.HttpHeaders,java.lang.String,com.blog.beans.BlogPost) throws java.lang.Throwable
2019-11-17 18:30:53.348  INFO 79086 --- [           main] s.w.s.m.m.a.RequestMappingHandlerMapping : Mapped "{[/v1/blogs/{id}],methods=[DELETE],produces=[application/json]}" onto public org.springframework.http.ResponseEntity<com.blog.beans.ServiceResponse> com.blog.controllers.BlogPostController.deleteBlog(org.springframework.http.HttpHeaders,java.lang.String) throws java.lang.Throwable
2019-11-17 18:30:53.362  INFO 79086 --- [           main] s.w.s.m.m.a.RequestMappingHandlerMapping : Mapped "{[/error]}" onto public org.springframework.http.ResponseEntity<java.util.Map<java.lang.String, java.lang.Object>> org.springframework.boot.autoconfigure.web.BasicErrorController.error(javax.servlet.http.HttpServletRequest)
2019-11-17 18:30:53.367  INFO 79086 --- [           main] s.w.s.m.m.a.RequestMappingHandlerMapping : Mapped "{[/error],produces=[text/html]}" onto public org.springframework.web.servlet.ModelAndView org.springframework.boot.autoconfigure.web.BasicErrorController.errorHtml(javax.servlet.http.HttpServletRequest,javax.servlet.http.HttpServletResponse)
2019-11-17 18:30:54.830  INFO 79086 --- [           main] o.s.w.s.handler.SimpleUrlHandlerMapping  : Mapped URL path [/webjars/**] onto handler of type [class org.springframework.web.servlet.resource.ResourceHttpRequestHandler]
2019-11-17 18:30:54.834  INFO 79086 --- [           main] o.s.w.s.handler.SimpleUrlHandlerMapping  : Mapped URL path [/**] onto handler of type [class org.springframework.web.servlet.resource.ResourceHttpRequestHandler]
2019-11-17 18:30:55.873  INFO 79086 --- [           main] o.s.w.s.handler.SimpleUrlHandlerMapping  : Mapped URL path [/**/favicon.ico] onto handler of type [class org.springframework.web.servlet.resource.ResourceHttpRequestHandler]
2019-11-17 18:30:59.137  INFO 79086 --- [           main] o.s.j.e.a.AnnotationMBeanExporter        : Registering beans for JMX exposure on startup
2019-11-17 18:30:59.581  INFO 79086 --- [           main] s.b.c.e.t.TomcatEmbeddedServletContainer : Tomcat started on port(s): 8080 (http)
2019-11-17 18:30:59.598  INFO 79086 --- [           main] com.blog.SpringDemoApplication           : Started SpringDemoApplication in 48.799 seconds (JVM running for 49.913)
2019-11-17 18:31:34.602  INFO 79086 --- [nio-8080-exec-1] o.a.c.c.C.[Tomcat].[localhost].[/]       : Initializing Spring FrameworkServlet 'dispatcherServlet'
2019-11-17 18:31:34.604  INFO 79086 --- [nio-8080-exec-1] o.s.web.servlet.DispatcherServlet        : FrameworkServlet 'dispatcherServlet': initialization started
2019-11-17 18:31:36.348  INFO 79086 --- [nio-8080-exec-1] o.s.web.servlet.DispatcherServlet        : FrameworkServlet 'dispatcherServlet': initialization completed in 1744 ms
2019-11-17 18:31:59.130 ERROR 79086 --- [nio-8080-exec-2] o.a.c.c.C.[.[.[/].[dispatcherServlet]    : Servlet.service() for servlet [dispatcherServlet] in context with path [] threw exception [Request processing failed; nested exception is java.lang.RuntimeException: Invalid Blog Post] with root cause

java.lang.RuntimeException: Invalid Blog Post
	at com.blog.services.impl.BlogPostServiceImpl.saveBlogPost(BlogPostServiceImpl.java:44) ~[classes!/:na]
	at com.blog.controllers.BlogPostController.createBlogPost(BlogPostController.java:52) ~[classes!/:na]
	at sun.reflect.NativeMethodAccessorImpl.invoke0(Native Method) ~[na:1.8.0_181]
	at sun.reflect.NativeMethodAccessorImpl.invoke(NativeMethodAccessorImpl.java:62) ~[na:1.8.0_181]
	at sun.reflect.DelegatingMethodAccessorImpl.invoke(DelegatingMethodAccessorImpl.java:43) ~[na:1.8.0_181]
	at java.lang.reflect.Method.invoke(Method.java:498) ~[na:1.8.0_181]
	at org.springframework.web.method.support.InvocableHandlerMethod.doInvoke(InvocableHandlerMethod.java:205) ~[spring-web-4.3.14.RELEASE.jar!/:4.3.14.RELEASE]
	at org.springframework.web.method.support.InvocableHandlerMethod.invokeForRequest(InvocableHandlerMethod.java:133) ~[spring-web-4.3.14.RELEASE.jar!/:4.3.14.RELEASE]
	at org.springframework.web.servlet.mvc.method.annotation.ServletInvocableHandlerMethod.invokeAndHandle(ServletInvocableHandlerMethod.java:97) ~[spring-webmvc-4.3.14.RELEASE.jar!/:4.3.14.RELEASE]
	at org.springframework.web.servlet.mvc.method.annotation.RequestMappingHandlerAdapter.invokeHandlerMethod(RequestMappingHandlerAdapter.java:827) ~[spring-webmvc-4.3.14.RELEASE.jar!/:4.3.14.RELEASE]
	at org.springframework.web.servlet.mvc.method.annotation.RequestMappingHandlerAdapter.handleInternal(RequestMappingHandlerAdapter.java:738) ~[spring-webmvc-4.3.14.RELEASE.jar!/:4.3.14.RELEASE]
	at org.springframework.web.servlet.mvc.method.AbstractHandlerMethodAdapter.handle(AbstractHandlerMethodAdapter.java:85) ~[spring-webmvc-4.3.14.RELEASE.jar!/:4.3.14.RELEASE]
	at org.springframework.web.servlet.DispatcherServlet.doDispatch(DispatcherServlet.java:967) ~[spring-webmvc-4.3.14.RELEASE.jar!/:4.3.14.RELEASE]
	at org.springframework.web.servlet.DispatcherServlet.doService(DispatcherServlet.java:901) ~[spring-webmvc-4.3.14.RELEASE.jar!/:4.3.14.RELEASE]
	at org.springframework.web.servlet.FrameworkServlet.processRequest(FrameworkServlet.java:970) ~[spring-webmvc-4.3.14.RELEASE.jar!/:4.3.14.RELEASE]
	at org.springframework.web.servlet.FrameworkServlet.doPost(FrameworkServlet.java:872) ~[spring-webmvc-4.3.14.RELEASE.jar!/:4.3.14.RELEASE]
	at javax.servlet.http.HttpServlet.service(HttpServlet.java:661) ~[tomcat-embed-core-8.5.27.jar!/:8.5.27]
	at org.springframework.web.servlet.FrameworkServlet.service(FrameworkServlet.java:846) ~[spring-webmvc-4.3.14.RELEASE.jar!/:4.3.14.RELEASE]
	at javax.servlet.http.HttpServlet.service(HttpServlet.java:742) ~[tomcat-embed-core-8.5.27.jar!/:8.5.27]
	at org.apache.catalina.core.ApplicationFilterChain.internalDoFilter(ApplicationFilterChain.java:231) ~[tomcat-embed-core-8.5.27.jar!/:8.5.27]
	at org.apache.catalina.core.ApplicationFilterChain.doFilter(ApplicationFilterChain.java:166) ~[tomcat-embed-core-8.5.27.jar!/:8.5.27]
	at org.apache.tomcat.websocket.server.WsFilter.doFilter(WsFilter.java:52) ~[tomcat-embed-websocket-8.5.27.jar!/:8.5.27]
	at org.apache.catalina.core.ApplicationFilterChain.internalDoFilter(ApplicationFilterChain.java:193) ~[tomcat-embed-core-8.5.27.jar!/:8.5.27]
	at org.apache.catalina.core.ApplicationFilterChain.doFilter(ApplicationFilterChain.java:166) ~[tomcat-embed-core-8.5.27.jar!/:8.5.27]
	at org.springframework.web.filter.RequestContextFilter.doFilterInternal(RequestContextFilter.java:99) ~[spring-web-4.3.14.RELEASE.jar!/:4.3.14.RELEASE]
	at org.springframework.web.filter.OncePerRequestFilter.doFilter(OncePerRequestFilter.java:107) ~[spring-web-4.3.14.RELEASE.jar!/:4.3.14.RELEASE]
	at org.apache.catalina.core.ApplicationFilterChain.internalDoFilter(ApplicationFilterChain.java:193) ~[tomcat-embed-core-8.5.27.jar!/:8.5.27]
	at org.apache.catalina.core.ApplicationFilterChain.doFilter(ApplicationFilterChain.java:166) ~[tomcat-embed-core-8.5.27.jar!/:8.5.27]
	at org.springframework.web.filter.HttpPutFormContentFilter.doFilterInternal(HttpPutFormContentFilter.java:108) ~[spring-web-4.3.14.RELEASE.jar!/:4.3.14.RELEASE]
	at org.springframework.web.filter.OncePerRequestFilter.doFilter(OncePerRequestFilter.java:107) ~[spring-web-4.3.14.RELEASE.jar!/:4.3.14.RELEASE]
	at org.apache.catalina.core.ApplicationFilterChain.internalDoFilter(ApplicationFilterChain.java:193) ~[tomcat-embed-core-8.5.27.jar!/:8.5.27]
	at org.apache.catalina.core.ApplicationFilterChain.doFilter(ApplicationFilterChain.java:166) ~[tomcat-embed-core-8.5.27.jar!/:8.5.27]
	at org.springframework.web.filter.HiddenHttpMethodFilter.doFilterInternal(HiddenHttpMethodFilter.java:81) ~[spring-web-4.3.14.RELEASE.jar!/:4.3.14.RELEASE]
	at org.springframework.web.filter.OncePerRequestFilter.doFilter(OncePerRequestFilter.java:107) ~[spring-web-4.3.14.RELEASE.jar!/:4.3.14.RELEASE]
	at org.apache.catalina.core.ApplicationFilterChain.internalDoFilter(ApplicationFilterChain.java:193) ~[tomcat-embed-core-8.5.27.jar!/:8.5.27]
	at org.apache.catalina.core.ApplicationFilterChain.doFilter(ApplicationFilterChain.java:166) ~[tomcat-embed-core-8.5.27.jar!/:8.5.27]
	at org.springframework.web.filter.CharacterEncodingFilter.doFilterInternal(CharacterEncodingFilter.java:197) ~[spring-web-4.3.14.RELEASE.jar!/:4.3.14.RELEASE]
	at org.springframework.web.filter.OncePerRequestFilter.doFilter(OncePerRequestFilter.java:107) ~[spring-web-4.3.14.RELEASE.jar!/:4.3.14.RELEASE]
	at org.apache.catalina.core.ApplicationFilterChain.internalDoFilter(ApplicationFilterChain.java:193) ~[tomcat-embed-core-8.5.27.jar!/:8.5.27]
	at org.apache.catalina.core.ApplicationFilterChain.doFilter(ApplicationFilterChain.java:166) ~[tomcat-embed-core-8.5.27.jar!/:8.5.27]
	at org.apache.catalina.core.StandardWrapperValve.invoke(StandardWrapperValve.java:199) ~[tomcat-embed-core-8.5.27.jar!/:8.5.27]
	at org.apache.catalina.core.StandardContextValve.invoke(StandardContextValve.java:96) [tomcat-embed-core-8.5.27.jar!/:8.5.27]
	at org.apache.catalina.authenticator.AuthenticatorBase.invoke(AuthenticatorBase.java:504) [tomcat-embed-core-8.5.27.jar!/:8.5.27]
	at org.apache.catalina.core.StandardHostValve.invoke(StandardHostValve.java:140) [tomcat-embed-core-8.5.27.jar!/:8.5.27]
	at org.apache.catalina.valves.ErrorReportValve.invoke(ErrorReportValve.java:81) [tomcat-embed-core-8.5.27.jar!/:8.5.27]
	at org.apache.catalina.core.StandardEngineValve.invoke(StandardEngineValve.java:87) [tomcat-embed-core-8.5.27.jar!/:8.5.27]
	at org.apache.catalina.connector.CoyoteAdapter.service(CoyoteAdapter.java:342) [tomcat-embed-core-8.5.27.jar!/:8.5.27]
	at org.apache.coyote.http11.Http11Processor.service(Http11Processor.java:803) [tomcat-embed-core-8.5.27.jar!/:8.5.27]
	at org.apache.coyote.AbstractProcessorLight.process(AbstractProcessorLight.java:66) [tomcat-embed-core-8.5.27.jar!/:8.5.27]
	at org.apache.coyote.AbstractProtocol$ConnectionHandler.process(AbstractProtocol.java:790) [tomcat-embed-core-8.5.27.jar!/:8.5.27]
	at org.apache.tomcat.util.net.NioEndpoint$SocketProcessor.doRun(NioEndpoint.java:1459) [tomcat-embed-core-8.5.27.jar!/:8.5.27]
	at org.apache.tomcat.util.net.SocketProcessorBase.run(SocketProcessorBase.java:49) [tomcat-embed-core-8.5.27.jar!/:8.5.27]
	at java.util.concurrent.ThreadPoolExecutor.runWorker(ThreadPoolExecutor.java:1149) [na:1.8.0_181]
	at java.util.concurrent.ThreadPoolExecutor$Worker.run(ThreadPoolExecutor.java:624) [na:1.8.0_181]
	at org.apache.tomcat.util.threads.TaskThread$WrappingRunnable.run(TaskThread.java:61) [tomcat-embed-core-8.5.27.jar!/:8.5.27]
	at java.lang.Thread.run(Thread.java:748) [na:1.8.0_181]

